#
# A fatal error has been detected by the Java Runtime Environment:
#
#  EXCEPTION_ACCESS_VIOLATION (0xc0000005) at pc=0x000000006ecafa28, pid=6708, tid=0x000000000000186c
#
# JRE version: OpenJDK Runtime Environment (8.0_212-b04) (build 1.8.0_212-release-1586-b04)
# Java VM: OpenJDK 64-Bit Server VM (25.212-b04 mixed mode windows-amd64 compressed oops)
# Problematic frame:
# V  [jvm.dll+0xffa28]
#
# Failed to write core dump. Minidumps are not enabled by default on client versions of Windows
#
# If you would like to submit a bug report, please visit:
#   
#

---------------  T H R E A D  ---------------

Current thread (0x0000000002a2a800):  GCTaskThread [stack: 0x00000000125e0000,0x00000000126e0000] [id=6252]

siginfo: ExceptionCode=0xc0000005, reading address 0xffffffffffffffff

Registers:
RAX=0x00000000127e0000, RBX=0x00000000a0ba29f8, RCX=0x0000000000000000, RDX=0x0000000000000026
RSP=0x00000000126df320, RBP=0x00000001000aaac0, RSI=0x0000000002afc3e0, RDI=0x00000000a0ba2a04
R8 =0x00000000a0ba29f8, R9 =0x007fffffffb067fe, R10=0x000000000000000c, R11=0x0000000000001b14
R12=0x000000006f1c8cc8, R13=0x0000000002a1e650, R14=0x0000000002a2aef0, R15=0x0000000000000000
RIP=0x000000006ecafa28, EFLAGS=0x0000000000010202

Top of Stack: (sp=0x00000000126df320)
0x00000000126df320:   0000000000000000 0000000002a2aef0
0x00000000126df330:   0000000002a1e650 0000000002afc3e0
0x00000000126df340:   0000000002afc3e0 000000006ef75f60
0x00000000126df350:   0000000000001b14 00000000126df469
0x00000000126df360:   0000000002afc3e0 000000006f1c8cc8
0x00000000126df370:   0000000016c5d100 00000000126df469
0x00000000126df380:   0000000000000000 0000000000000004
0x00000000126df390:   0000000002afc3e0 000000006ec9e0b2
0x00000000126df3a0:   00000000a00047f8 0000000000000000
0x00000000126df3b0:   0000000000000000 0000000002a1e650
0x00000000126df3c0:   0000000002a2af00 0000000002a2aef0
0x00000000126df3d0:   000000006f1c8cc8 0000000002afc3e0
0x00000000126df3e0:   0000000000000000 00000000126df469
0x00000000126df3f0:   0000000016355440 000000006ef72e70
0x00000000126df400:   00000000a0ba29f8 0000000000000000
0x00000000126df410:   0000000002a2b800 000000006eda0a24 

Instructions: (pc=0x000000006ecafa28)
0x000000006ecafa08:   0d f3 0c 66 00 49 c1 e9 03 49 d3 e9 41 0f b6 c1
0x000000006ecafa18:   49 c1 e9 06 24 3f 0f b6 d0 48 8b 05 38 a5 6c 00
0x000000006ecafa28:   4a 8b 0c c8 48 0f a3 d1 72 1b 44 0f b6 85 63 01
0x000000006ecafa38:   00 00 48 8b 0d a7 a4 6c 00 48 8b d3 e8 b7 7a fc 


Register to memory mapping:

RAX=0x00000000127e0000 is an unknown value
RBX=0x00000000a0ba29f8 is an oop
java.util.logging.LogManager$LoggerWeakRef 
 - klass: 'java/util/logging/LogManager$LoggerWeakRef'
RCX=0x0000000000000000 is an unknown value
RDX=0x0000000000000026 is an unknown value
RSP=0x00000000126df320 is an unknown value
RBP=0x00000001000aaac0 is pointing into metadata
RSI=0x0000000002afc3e0 is an unknown value
RDI=0x00000000a0ba2a04 is pointing into object: 0x00000000a0ba29f8
java.util.logging.LogManager$LoggerWeakRef 
 - klass: 'java/util/logging/LogManager$LoggerWeakRef'
R8 =0x00000000a0ba29f8 is an oop
java.util.logging.LogManager$LoggerWeakRef 
 - klass: 'java/util/logging/LogManager$LoggerWeakRef'
R9 =0x007fffffffb067fe is an unknown value
R10=0x000000000000000c is an unknown value
R11=0x0000000000001b14 is an unknown value
R12=0x000000006f1c8cc8 is an unknown value
R13=0x0000000002a1e650 is an unknown value
R14=0x0000000002a2aef0 is an unknown value
R15=0x0000000000000000 is an unknown value


Stack: [0x00000000125e0000,0x00000000126e0000],  sp=0x00000000126df320,  free space=1020k
Native frames: (J=compiled Java code, j=interpreted, Vv=VM code, C=native code)
V  [jvm.dll+0xffa28]
V  [jvm.dll+0x3c5f60]
V  [jvm.dll+0x3c2e70]
V  [jvm.dll+0x3c0a0e]
V  [jvm.dll+0x26f53a]
C  [msvcr100.dll+0x21d9f]
C  [msvcr100.dll+0x21e3b]
C  [KERNEL32.DLL+0x17bd4]
C  [ntdll.dll+0x6ced1]


---------------  P R O C E S S  ---------------

Java Threads: ( => current thread )
  0x00000000444c6000 JavaThread "ForkJoinPool-36-worker-0" daemon [_thread_blocked, id=12920, stack(0x0000000044da0000,0x0000000044ea0000)]
  0x00000000444c3800 JavaThread "ForkJoinPool-36-worker-3" daemon [_thread_blocked, id=13580, stack(0x0000000044ca0000,0x0000000044da0000)]
  0x00000000444c4800 JavaThread "ForkJoinPool-36-worker-2" daemon [_thread_blocked, id=5368, stack(0x0000000044ba0000,0x0000000044ca0000)]
  0x00000000444bf000 JavaThread "ForkJoinPool-36-worker-1" daemon [_thread_blocked, id=3660, stack(0x0000000044aa0000,0x0000000044ba0000)]
  0x0000000020b44000 JavaThread "WorkerExecutor Queue Thread 6" [_thread_blocked, id=14428, stack(0x00000000447e0000,0x00000000448e0000)]
  0x0000000020b42800 JavaThread "ForkJoinPool.commonPool-worker-3" daemon [_thread_blocked, id=6016, stack(0x00000000446e0000,0x00000000447e0000)]
  0x0000000020b43000 JavaThread "ForkJoinPool.commonPool-worker-2" daemon [_thread_blocked, id=9748, stack(0x0000000043580000,0x0000000043680000)]
  0x000000001a015000 JavaThread "ForkJoinPool.commonPool-worker-1" daemon [_thread_blocked, id=12600, stack(0x000000003dfa0000,0x000000003e0a0000)]
  0x000000001cc43800 JavaThread "Cache worker for Java compile cache (C:\Users\jkallen\AndroidStudioProjects\searchapi\.gradle\5.6.4\javaCompile)" [_thread_blocked, id=1040, stack(0x0000000038270000,0x0000000038370000)]
  0x0000000028de0000 JavaThread "RMI TCP Connection(79)-127.0.0.1" daemon [_thread_in_native, id=4416, stack(0x000000003f1a0000,0x000000003f2a0000)]
  0x0000000028ddf800 JavaThread "RMI TCP Connection(78)-127.0.0.1" daemon [_thread_in_native, id=8468, stack(0x000000003e0a0000,0x000000003e1a0000)]
  0x0000000028ddb800 JavaThread "WorkerExecutor Queue Thread 5" [_thread_blocked, id=13324, stack(0x000000003dea0000,0x000000003dfa0000)]
  0x0000000028dd6800 JavaThread "stdout" [_thread_in_native, id=15024, stack(0x0000000039bd0000,0x0000000039cd0000)]
  0x0000000028ddb000 JavaThread "stderr" [_thread_in_native, id=8324, stack(0x0000000039ad0000,0x0000000039bd0000)]
  0x0000000028dd9800 JavaThread "stdout" [_thread_in_native, id=14424, stack(0x00000000399d0000,0x0000000039ad0000)]
  0x00000000212fb000 JavaThread "stderr" [_thread_in_native, id=3996, stack(0x0000000039570000,0x0000000039670000)]
  0x00000000212fa000 JavaThread "stdout" [_thread_in_native, id=11132, stack(0x0000000038d70000,0x0000000038e70000)]
  0x00000000212f8000 JavaThread "stderr" [_thread_in_native, id=2976, stack(0x0000000038a70000,0x0000000038b70000)]
  0x00000000212fe800 JavaThread "stdout" [_thread_in_native, id=12824, stack(0x0000000038770000,0x0000000038870000)]
  0x00000000212f9800 JavaThread "stderr" [_thread_in_native, id=5628, stack(0x0000000038470000,0x0000000038570000)]
  0x00000000212fe000 JavaThread "WorkerExecutor Queue Thread 4" [_thread_blocked, id=2872, stack(0x0000000038370000,0x0000000038470000)]
  0x00000000212f1800 JavaThread "pool-62-thread-1" [_thread_blocked, id=4052, stack(0x0000000038170000,0x0000000038270000)]
  0x00000000212f8800 JavaThread "WorkerExecutor Queue Thread 2" [_thread_blocked, id=11476, stack(0x0000000038070000,0x0000000038170000)]
  0x00000000212f0000 JavaThread "WorkerExecutor Queue" [_thread_blocked, id=11912, stack(0x0000000037b70000,0x0000000037c70000)]
  0x00000000212f6800 JavaThread "Cache worker for execution history cache (C:\Users\jkallen\AndroidStudioProjects\searchapi\.gradle\5.6.4\executionHistory)" [_thread_blocked, id=10992, stack(0x0000000037870000,0x0000000037970000)]
  0x00000000212f1000 JavaThread "Execution worker for ':' Thread 3" [_thread_blocked, id=11076, stack(0x000000002f030000,0x000000002f130000)]
  0x00000000284eb800 JavaThread "Execution worker for ':' Thread 2" [_thread_blocked, id=6428, stack(0x000000002e500000,0x000000002e600000)]
  0x00000000284ee800 JavaThread "Execution worker for ':'" [_thread_blocked, id=7364, stack(0x000000002d940000,0x000000002da40000)]
  0x00000000284ed800 JavaThread "Cache worker for file content cache (C:\Users\jkallen\AndroidStudioProjects\searchapi\.gradle\5.6.4\fileContent)" [_thread_blocked, id=7296, stack(0x000000002d240000,0x000000002d340000)]
  0x00000000284e4000 JavaThread "Cache worker for Build Output Cleanup Cache (C:\Users\jkallen\AndroidStudioProjects\searchapi\.gradle\buildOutputCleanup)" [_thread_blocked, id=3476, stack(0x000000002b030000,0x000000002b130000)]
  0x00000000284e4800 JavaThread "pool-61-thread-1" [_thread_blocked, id=10160, stack(0x0000000025710000,0x0000000025810000)]
  0x00000000284ea000 JavaThread "Build operations Thread 4" [_thread_blocked, id=5240, stack(0x0000000025410000,0x0000000025510000)]
  0x00000000284e2800 JavaThread "Build operations Thread 3" [_thread_blocked, id=11628, stack(0x0000000023830000,0x0000000023930000)]
  0x00000000284e8800 JavaThread "Build operations Thread 2" [_thread_blocked, id=7412, stack(0x0000000023330000,0x0000000023430000)]
  0x00000000284e9000 JavaThread "Build operations" [_thread_blocked, id=1976, stack(0x0000000022430000,0x0000000022530000)]
  0x00000000284e7800 JavaThread "Cache worker for cache directory md-rule (C:\Users\jkallen\.gradle\caches\5.6.4\md-rule)" [_thread_blocked, id=10092, stack(0x0000000022130000,0x0000000022230000)]
  0x00000000284e1000 JavaThread "Cache worker for cache directory md-supplier (C:\Users\jkallen\.gradle\caches\5.6.4\md-supplier)" [_thread_blocked, id=13080, stack(0x0000000020060000,0x0000000020160000)]
  0x00000000284e6000 JavaThread "Cache worker for file hash cache (C:\Users\jkallen\AndroidStudioProjects\searchapi\.gradle\5.6.4\fileHashes)" [_thread_blocked, id=2220, stack(0x000000001e8a0000,0x000000001e9a0000)]
  0x00000000284e5800 JavaThread "Thread-500" [_thread_blocked, id=10772, stack(0x000000001e5a0000,0x000000001e6a0000)]
  0x00000000284e1800 JavaThread "Stdin handler" [_thread_blocked, id=11376, stack(0x000000001bd00000,0x000000001be00000)]
  0x000000001a355800 JavaThread "Asynchronous log dispatcher for DefaultDaemonConnection: socket connection from /127.0.0.1:53808 to /127.0.0.1:57016" [_thread_blocked, id=7392, stack(0x000000001b600000,0x000000001b700000)]
  0x000000001a34e000 JavaThread "Daemon worker Thread 18" [_thread_blocked, id=14628, stack(0x000000001b500000,0x000000001b600000)]
  0x000000001a355000 JavaThread "Cancel handler" [_thread_blocked, id=13388, stack(0x0000000000f10000,0x0000000001010000)]
  0x000000001a354000 JavaThread "Handler for socket connection from /127.0.0.1:53808 to /127.0.0.1:57016" [_thread_in_native, id=6644, stack(0x0000000000e10000,0x0000000000f10000)]
  0x000000001a34b000 JavaThread "Daemon Thread 18" [_thread_blocked, id=8392, stack(0x0000000000d10000,0x0000000000e10000)]
  0x00000000284ea800 JavaThread "RMI TCP Accept-0" daemon [_thread_in_native, id=12308, stack(0x0000000038e70000,0x0000000038f70000)]
  0x0000000028dd7000 JavaThread "Cache worker for Java compile cache (C:\Users\jkallen\.gradle\caches\5.6.4\javaCompile)" [_thread_blocked, id=14728, stack(0x000000002d140000,0x000000002d240000)]
  0x000000001a34c800 JavaThread "RMI Reaper" [_thread_blocked, id=14868, stack(0x000000002af30000,0x000000002b030000)]
  0x000000001a34d800 JavaThread "RMI TCP Accept-0" daemon [_thread_in_native, id=1932, stack(0x000000002ae30000,0x000000002af30000)]
  0x000000001a34c000 JavaThread "GC Daemon" daemon [_thread_blocked, id=8380, stack(0x000000002ad30000,0x000000002ae30000)]
  0x000000001a349800 JavaThread "RMI Scheduler(0)" daemon [_thread_blocked, id=7004, stack(0x0000000029b50000,0x0000000029c50000)]
  0x000000001cc3b800 JavaThread "Cache worker for file content cache (C:\Users\jkallen\.gradle\caches\5.6.4\fileContent)" [_thread_blocked, id=2380, stack(0x0000000023230000,0x0000000023330000)]
  0x000000001cc3d800 JavaThread "Memory manager" [_thread_blocked, id=3824, stack(0x0000000023130000,0x0000000023230000)]
  0x000000001cc3c000 JavaThread "Cache worker for execution history cache (C:\Users\jkallen\.gradle\caches\5.6.4\executionHistory)" [_thread_blocked, id=14796, stack(0x00000000215e0000,0x00000000216e0000)]
  0x000000001a011800 JavaThread "Cache worker for journal cache (C:\Users\jkallen\.gradle\caches\journal-1)" [_thread_blocked, id=6208, stack(0x000000001c200000,0x000000001c300000)]
  0x000000001a013000 JavaThread "File lock request listener" [_thread_in_native, id=2424, stack(0x000000001c100000,0x000000001c200000)]
  0x000000001a013800 JavaThread "Cache worker for file hash cache (C:\Users\jkallen\.gradle\caches\5.6.4\fileHashes)" [_thread_blocked, id=8980, stack(0x000000001c000000,0x000000001c100000)]
  0x0000000019e29000 JavaThread "Daemon periodic checks" [_thread_blocked, id=11864, stack(0x000000001b400000,0x000000001b500000)]
  0x0000000019e09000 JavaThread "Incoming local TCP Connector on port 53808" [_thread_in_native, id=13164, stack(0x000000001b1c0000,0x000000001b2c0000)]
  0x0000000019cdb800 JavaThread "Daemon health stats" [_thread_blocked, id=464, stack(0x000000001ab80000,0x000000001ac80000)]
  0x0000000017e00800 JavaThread "Service Thread" daemon [_thread_blocked, id=13932, stack(0x00000000181e0000,0x00000000182e0000)]
  0x0000000016489000 JavaThread "C1 CompilerThread2" daemon [_thread_blocked, id=13548, stack(0x0000000017ce0000,0x0000000017de0000)]
  0x000000001647d000 JavaThread "C2 CompilerThread1" daemon [_thread_blocked, id=10400, stack(0x0000000017be0000,0x0000000017ce0000)]
  0x0000000016479800 JavaThread "C2 CompilerThread0" daemon [_thread_blocked, id=14200, stack(0x0000000017ae0000,0x0000000017be0000)]
  0x0000000016488800 JavaThread "Attach Listener" daemon [_thread_blocked, id=2648, stack(0x00000000179e0000,0x0000000017ae0000)]
  0x0000000016485800 JavaThread "Signal Dispatcher" daemon [_thread_blocked, id=4808, stack(0x00000000178e0000,0x00000000179e0000)]
  0x0000000002b0b800 JavaThread "Finalizer" daemon [_thread_blocked, id=11664, stack(0x00000000176e0000,0x00000000177e0000)]
  0x0000000016469000 JavaThread "Reference Handler" daemon [_thread_blocked, id=10576, stack(0x00000000175e0000,0x00000000176e0000)]
  0x000000000107e800 JavaThread "main" [_thread_blocked, id=11044, stack(0x00000000028d0000,0x00000000029d0000)]

Other Threads:
  0x0000000016446000 VMThread [stack: 0x00000000174e0000,0x00000000175e0000] [id=12244]
  0x00000000164dd800 WatcherThread [stack: 0x00000000182e0000,0x00000000183e0000] [id=6576]

=>0x0000000002a2a800 (exited) GCTaskThread [stack: 0x00000000125e0000,0x00000000126e0000] [id=6252]

VM state:at safepoint (normal execution)

VM Mutex/Monitor currently owned by a thread:  ([mutex/lock_event])
[0x000000000107d1c0] Threads_lock - owner thread: 0x0000000016446000
[0x000000000107d740] Heap_lock - owner thread: 0x00000000444c3800

heap address: 0x00000000a0000000, size: 1536 MB, Compressed Oops mode: 32-bit
Narrow klass base: 0x0000000000000000, Narrow klass shift: 3
Compressed class space size: 1073741824 Address: 0x0000000100000000

Heap:
 PSYoungGen      total 446464K, used 44009K [0x00000000e0000000, 0x0000000100000000, 0x0000000100000000)
  eden space 402432K, 0% used [0x00000000e0000000,0x00000000e0000000,0x00000000f8900000)
  from space 44032K, 99% used [0x00000000fd180000,0x00000000ffc7a648,0x00000000ffc80000)
  to   space 60928K, 0% used [0x00000000f8900000,0x00000000f8900000,0x00000000fc480000)
 ParOldGen       total 394752K, used 385016K [0x00000000a0000000, 0x00000000b8180000, 0x00000000e0000000)
  object space 394752K, 97% used [0x00000000a0000000,0x00000000b77fe2e8,0x00000000b8180000)
 Metaspace       used 175900K, capacity 187726K, committed 187904K, reserved 1212416K
  class space    used 22252K, capacity 24297K, committed 24320K, reserved 1048576K

Card table byte_map: [0x0000000011ed0000,0x00000000121e0000] byte_map_base: 0x00000000119d0000

Marking Bits: (ParMarkBitMap*) 0x000000006f379f30
 Begin Bits: [0x00000000127e0000, 0x0000000013fe0000)
 End Bits:   [0x0000000013fe0000, 0x00000000157e0000)

Polling page: 0x0000000000b30000

CodeCache: size=245760Kb used=114371Kb max_used=116630Kb free=131388Kb
 bounds [0x0000000002b10000, 0x0000000009dd0000, 0x0000000011b10000]
 total_blobs=32033 nmethods=31056 adapters=885
 compilation: enabled

Compilation events (10 events):
Event: 9775.360 Thread 0x0000000016489000 nmethod 42262 0x00000000084df5d0 code [0x00000000084df740, 0x00000000084df968]
Event: 9775.383 Thread 0x0000000016489000 42246       2       com.android.tools.r8.code.I3::<init> (7 bytes)
Event: 9775.383 Thread 0x0000000016489000 nmethod 42246 0x00000000084b3410 code [0x00000000084b3560, 0x00000000084b36f0]
Event: 9775.385 Thread 0x0000000016489000 42236       2       com.android.tools.r8.code.d1::<init> (7 bytes)
Event: 9775.386 Thread 0x0000000016489000 nmethod 42236 0x000000000851c450 code [0x000000000851c5c0, 0x000000000851c7e8]
Event: 9775.389 Thread 0x0000000016489000 42252       2       com.android.tools.r8.code.e2::<init> (7 bytes)
Event: 9775.390 Thread 0x0000000016489000 nmethod 42252 0x00000000085ec590 code [0x00000000085ec6e0, 0x00000000085ec870]
Event: 9775.395 Thread 0x0000000016489000 42261       2       com.android.tools.r8.code.X1::<init> (7 bytes)
Event: 9775.395 Thread 0x0000000016489000 nmethod 42261 0x0000000008616910 code [0x0000000008616a60, 0x0000000008616bf0]
Event: 9775.395 Thread 0x0000000016489000 42240       2       com.android.tools.r8.code.K1::<init> (13 bytes)

GC Heap History (10 events):
Event: 9772.835 GC heap after
Heap after GC invocations=82 (full 6):
 PSYoungGen      total 466944K, used 6176K [0x00000000e0000000, 0x00000000ff980000, 0x0000000100000000)
  eden space 415744K, 0% used [0x00000000e0000000,0x00000000e0000000,0x00000000f9600000)
  from space 51200K, 12% used [0x00000000fc780000,0x00000000fcd88000,0x00000000ff980000)
  to   space 50688K, 0% used [0x00000000f9600000,0x00000000f9600000,0x00000000fc780000)
 ParOldGen       total 394752K, used 338997K [0x00000000a0000000, 0x00000000b8180000, 0x00000000e0000000)
  object space 394752K, 85% used [0x00000000a0000000,0x00000000b4b0d4f0,0x00000000b8180000)
 Metaspace       used 175804K, capacity 187612K, committed 187648K, reserved 1212416K
  class space    used 22248K, capacity 24290K, committed 24320K, reserved 1048576K
}
Event: 9773.315 GC heap before
{Heap before GC invocations=83 (full 6):
 PSYoungGen      total 466944K, used 421920K [0x00000000e0000000, 0x00000000ff980000, 0x0000000100000000)
  eden space 415744K, 100% used [0x00000000e0000000,0x00000000f9600000,0x00000000f9600000)
  from space 51200K, 12% used [0x00000000fc780000,0x00000000fcd88000,0x00000000ff980000)
  to   space 50688K, 0% used [0x00000000f9600000,0x00000000f9600000,0x00000000fc780000)
 ParOldGen       total 394752K, used 338997K [0x00000000a0000000, 0x00000000b8180000, 0x00000000e0000000)
  object space 394752K, 85% used [0x00000000a0000000,0x00000000b4b0d4f0,0x00000000b8180000)
 Metaspace       used 175806K, capacity 187612K, committed 187648K, reserved 1212416K
  class space    used 22248K, capacity 24290K, committed 24320K, reserved 1048576K
Event: 9773.337 GC heap after
Heap after GC invocations=83 (full 6):
 PSYoungGen      total 466432K, used 16573K [0x00000000e0000000, 0x00000000ffa80000, 0x0000000100000000)
  eden space 415744K, 0% used [0x00000000e0000000,0x00000000e0000000,0x00000000f9600000)
  from space 50688K, 32% used [0x00000000f9600000,0x00000000fa62f570,0x00000000fc780000)
  to   space 48128K, 0% used [0x00000000fcb80000,0x00000000fcb80000,0x00000000ffa80000)
 ParOldGen       total 394752K, used 344077K [0x00000000a0000000, 0x00000000b8180000, 0x00000000e0000000)
  object space 394752K, 87% used [0x00000000a0000000,0x00000000b50034f0,0x00000000b8180000)
 Metaspace       used 175806K, capacity 187612K, committed 187648K, reserved 1212416K
  class space    used 22248K, capacity 24290K, committed 24320K, reserved 1048576K
}
Event: 9773.833 GC heap before
{Heap before GC invocations=84 (full 6):
 PSYoungGen      total 466432K, used 432317K [0x00000000e0000000, 0x00000000ffa80000, 0x0000000100000000)
  eden space 415744K, 100% used [0x00000000e0000000,0x00000000f9600000,0x00000000f9600000)
  from space 50688K, 32% used [0x00000000f9600000,0x00000000fa62f570,0x00000000fc780000)
  to   space 48128K, 0% used [0x00000000fcb80000,0x00000000fcb80000,0x00000000ffa80000)
 ParOldGen       total 394752K, used 344077K [0x00000000a0000000, 0x00000000b8180000, 0x00000000e0000000)
  object space 394752K, 87% used [0x00000000a0000000,0x00000000b50034f0,0x00000000b8180000)
 Metaspace       used 175809K, capacity 187612K, committed 187648K, reserved 1212416K
  class space    used 22248K, capacity 24290K, committed 24320K, reserved 1048576K
Event: 9773.856 GC heap after
Heap after GC invocations=84 (full 6):
 PSYoungGen      total 471040K, used 9003K [0x00000000e0000000, 0x00000000ff880000, 0x0000000100000000)
  eden space 424960K, 0% used [0x00000000e0000000,0x00000000e0000000,0x00000000f9f00000)
  from space 46080K, 19% used [0x00000000fcb80000,0x00000000fd44ad48,0x00000000ff880000)
  to   space 45568K, 0% used [0x00000000f9f00000,0x00000000f9f00000,0x00000000fcb80000)
 ParOldGen       total 394752K, used 357794K [0x00000000a0000000, 0x00000000b8180000, 0x00000000e0000000)
  object space 394752K, 90% used [0x00000000a0000000,0x00000000b5d68af0,0x00000000b8180000)
 Metaspace       used 175809K, capacity 187612K, committed 187648K, reserved 1212416K
  class space    used 22248K, capacity 24290K, committed 24320K, reserved 1048576K
}
Event: 9774.373 GC heap before
{Heap before GC invocations=85 (full 6):
 PSYoungGen      total 471040K, used 433963K [0x00000000e0000000, 0x00000000ff880000, 0x0000000100000000)
  eden space 424960K, 100% used [0x00000000e0000000,0x00000000f9f00000,0x00000000f9f00000)
  from space 46080K, 19% used [0x00000000fcb80000,0x00000000fd44ad48,0x00000000ff880000)
  to   space 45568K, 0% used [0x00000000f9f00000,0x00000000f9f00000,0x00000000fcb80000)
 ParOldGen       total 394752K, used 357794K [0x00000000a0000000, 0x00000000b8180000, 0x00000000e0000000)
  object space 394752K, 90% used [0x00000000a0000000,0x00000000b5d68af0,0x00000000b8180000)
 Metaspace       used 175834K, capacity 187642K, committed 187904K, reserved 1212416K
  class space    used 22250K, capacity 24295K, committed 24320K, reserved 1048576K
Event: 9774.388 GC heap after
Heap after GC invocations=85 (full 6):
 PSYoungGen      total 470528K, used 5453K [0x00000000e0000000, 0x00000000ffc80000, 0x0000000100000000)
  eden space 424960K, 0% used [0x00000000e0000000,0x00000000e0000000,0x00000000f9f00000)
  from space 45568K, 11% used [0x00000000f9f00000,0x00000000fa453778,0x00000000fcb80000)
  to   space 44032K, 0% used [0x00000000fd180000,0x00000000fd180000,0x00000000ffc80000)
 ParOldGen       total 394752K, used 362373K [0x00000000a0000000, 0x00000000b8180000, 0x00000000e0000000)
  object space 394752K, 91% used [0x00000000a0000000,0x00000000b61e14e0,0x00000000b8180000)
 Metaspace       used 175834K, capacity 187642K, committed 187904K, reserved 1212416K
  class space    used 22250K, capacity 24295K, committed 24320K, reserved 1048576K
}
Event: 9775.396 GC heap before
{Heap before GC invocations=86 (full 6):
 PSYoungGen      total 470528K, used 430413K [0x00000000e0000000, 0x00000000ffc80000, 0x0000000100000000)
  eden space 424960K, 100% used [0x00000000e0000000,0x00000000f9f00000,0x00000000f9f00000)
  from space 45568K, 11% used [0x00000000f9f00000,0x00000000fa453778,0x00000000fcb80000)
  to   space 44032K, 0% used [0x00000000fd180000,0x00000000fd180000,0x00000000ffc80000)
 ParOldGen       total 394752K, used 362373K [0x00000000a0000000, 0x00000000b8180000, 0x00000000e0000000)
  object space 394752K, 91% used [0x00000000a0000000,0x00000000b61e14e0,0x00000000b8180000)
 Metaspace       used 175900K, capacity 187726K, committed 187904K, reserved 1212416K
  class space    used 22252K, capacity 24297K, committed 24320K, reserved 1048576K
Event: 9775.467 GC heap after
Heap after GC invocations=86 (full 6):
 PSYoungGen      total 446464K, used 44009K [0x00000000e0000000, 0x0000000100000000, 0x0000000100000000)
  eden space 402432K, 0% used [0x00000000e0000000,0x00000000e0000000,0x00000000f8900000)
  from space 44032K, 99% used [0x00000000fd180000,0x00000000ffc7a648,0x00000000ffc80000)
  to   space 60928K, 0% used [0x00000000f8900000,0x00000000f8900000,0x00000000fc480000)
 ParOldGen       total 394752K, used 385016K [0x00000000a0000000, 0x00000000b8180000, 0x00000000e0000000)
  object space 394752K, 97% used [0x00000000a0000000,0x00000000b77fe2e8,0x00000000b8180000)
 Metaspace       used 175900K, capacity 187726K, committed 187904K, reserved 1212416K
  class space    used 22252K, capacity 24297K, committed 24320K, reserved 1048576K
}
Event: 9775.467 GC heap before
{Heap before GC invocations=87 (full 7):
 PSYoungGen      total 446464K, used 44009K [0x00000000e0000000, 0x0000000100000000, 0x0000000100000000)
  eden space 402432K, 0% used [0x00000000e0000000,0x00000000e0000000,0x00000000f8900000)
  from space 44032K, 99% used [0x00000000fd180000,0x00000000ffc7a648,0x00000000ffc80000)
  to   space 60928K, 0% used [0x00000000f8900000,0x00000000f8900000,0x00000000fc480000)
 ParOldGen       total 394752K, used 385016K [0x00000000a0000000, 0x00000000b8180000, 0x00000000e0000000)
  object space 394752K, 97% used [0x00000000a0000000,0x00000000b77fe2e8,0x00000000b8180000)
 Metaspace       used 175900K, capacity 187726K, committed 187904K, reserved 1212416K
  class space    used 22252K, capacity 24297K, committed 24320K, reserved 1048576K

Deoptimization events (10 events):
Event: 9772.370 Thread 0x000000001a34e000 Uncommon trap: reason=class_check action=maybe_recompile pc=0x0000000009c860d8 method=com.android.tools.r8.ir.analysis.type.k.a(Lcom/android/tools/r8/ir/analysis/type/k;Lcom/android/tools/r8/graph/e;)Lcom/android/tools/r8/ir/analysis/type/k; @ 316
Event: 9773.776 Thread 0x000000001a34e000 Uncommon trap: reason=class_check action=maybe_recompile pc=0x0000000009c860cc method=com.android.tools.r8.ir.analysis.type.k.a(Lcom/android/tools/r8/ir/analysis/type/k;Lcom/android/tools/r8/graph/e;)Lcom/android/tools/r8/ir/analysis/type/k; @ 300
Event: 9774.014 Thread 0x00000000284ee800 Uncommon trap: reason=class_check action=maybe_recompile pc=0x0000000009d3d628 method=com.android.tools.r8.graph.b.definitionFor(Lcom/android/tools/r8/graph/T;)Lcom/android/tools/r8/graph/Q; @ 33
Event: 9774.366 Thread 0x00000000212f1000 Uncommon trap: reason=class_check action=maybe_recompile pc=0x00000000069b35b4 method=kotlin.io.ByteStreamsKt.readBytes(Ljava/io/InputStream;)[B @ 11
Event: 9774.366 Thread 0x00000000212f1000 Uncommon trap: reason=class_check action=maybe_recompile pc=0x0000000006f96fdc method=kotlin.io.ByteStreamsKt.copyTo(Ljava/io/InputStream;Ljava/io/OutputStream;I)J @ 22
Event: 9774.632 Thread 0x000000001a34e000 Uncommon trap: reason=class_check action=maybe_recompile pc=0x0000000009c860cc method=com.android.tools.r8.ir.analysis.type.k.a(Lcom/android/tools/r8/ir/analysis/type/k;Lcom/android/tools/r8/graph/e;)Lcom/android/tools/r8/ir/analysis/type/k; @ 300
Event: 9774.839 Thread 0x00000000284eb800 Uncommon trap: reason=array_check action=maybe_recompile pc=0x0000000006f8b1a8 method=com.google.common.collect.ImmutableList.copyIntoArray([Ljava/lang/Object;I)I @ 25
Event: 9774.839 Thread 0x00000000284eb800 Uncommon trap: reason=array_check action=maybe_recompile pc=0x0000000006f8b1a8 method=com.google.common.collect.ImmutableList.copyIntoArray([Ljava/lang/Object;I)I @ 25
Event: 9774.839 Thread 0x00000000284eb800 Uncommon trap: reason=array_check action=maybe_recompile pc=0x0000000006f8b1a8 method=com.google.common.collect.ImmutableList.copyIntoArray([Ljava/lang/Object;I)I @ 25
Event: 9774.839 Thread 0x00000000284eb800 Uncommon trap: reason=array_check action=maybe_recompile pc=0x0000000006f8b1a8 method=com.google.common.collect.ImmutableList.copyIntoArray([Ljava/lang/Object;I)I @ 25

Classes redefined (0 events):
No events

Internal exceptions (10 events):
Event: 9774.673 Thread 0x0000000020b44000 Exception <a 'sun/nio/fs/WindowsException'> (0x00000000ebe47028) thrown at [D:\src\AOSP-openjdk-cygwin\jdk8u\hotspot\src\share\vm\prims\jni.cpp, line 710]
Event: 9774.675 Thread 0x0000000020b44000 Exception <a 'sun/nio/fs/WindowsException'> (0x00000000ebe8f468) thrown at [D:\src\AOSP-openjdk-cygwin\jdk8u\hotspot\src\share\vm\prims\jni.cpp, line 710]
Event: 9774.677 Thread 0x0000000020b44000 Exception <a 'sun/nio/fs/WindowsException'> (0x00000000ebe96de0) thrown at [D:\src\AOSP-openjdk-cygwin\jdk8u\hotspot\src\share\vm\prims\jni.cpp, line 710]
Event: 9774.679 Thread 0x0000000020b44000 Exception <a 'sun/nio/fs/WindowsException'> (0x00000000ebe9ed10) thrown at [D:\src\AOSP-openjdk-cygwin\jdk8u\hotspot\src\share\vm\prims\jni.cpp, line 710]
Event: 9774.680 Thread 0x0000000020b44000 Exception <a 'sun/nio/fs/WindowsException'> (0x00000000ec1bd8a8) thrown at [D:\src\AOSP-openjdk-cygwin\jdk8u\hotspot\src\share\vm\prims\jni.cpp, line 710]
Event: 9774.683 Thread 0x0000000020b44000 Exception <a 'sun/nio/fs/WindowsException'> (0x00000000ec2066b8) thrown at [D:\src\AOSP-openjdk-cygwin\jdk8u\hotspot\src\share\vm\prims\jni.cpp, line 710]
Event: 9774.727 Thread 0x0000000028ddb800 Exception <a 'sun/nio/fs/WindowsException'> (0x00000000ed77b540) thrown at [D:\src\AOSP-openjdk-cygwin\jdk8u\hotspot\src\share\vm\prims\jni.cpp, line 710]
Event: 9774.900 Thread 0x0000000020b47000 Exception <a 'sun/nio/fs/WindowsException'> (0x00000000f1067c40) thrown at [D:\src\AOSP-openjdk-cygwin\jdk8u\hotspot\src\share\vm\prims\jni.cpp, line 710]
Event: 9775.000 Thread 0x000000001a34e000 Exception <a 'sun/nio/fs/WindowsException'> (0x00000000f1f9aed0) thrown at [D:\src\AOSP-openjdk-cygwin\jdk8u\hotspot\src\share\vm\prims\jni.cpp, line 710]
Event: 9775.151 Thread 0x00000000212f0000 Exception <a 'sun/nio/fs/WindowsException'> (0x00000000f32f9ba8) thrown at [D:\src\AOSP-openjdk-cygwin\jdk8u\hotspot\src\share\vm\prims\jni.cpp, line 710]

Events (10 events):
Event: 9775.394 Thread 0x0000000016489000 flushing nmethod 0x0000000009bc3250
Event: 9775.394 Thread 0x0000000016489000 flushing nmethod 0x0000000009bd6590
Event: 9775.394 Thread 0x0000000016489000 flushing nmethod 0x0000000009bd7a50
Event: 9775.394 Thread 0x0000000016489000 flushing nmethod 0x0000000009be9bd0
Event: 9775.394 Thread 0x0000000016489000 flushing nmethod 0x0000000009bea8d0
Event: 9775.394 Thread 0x0000000016489000 flushing nmethod 0x0000000009bf2e50
Event: 9775.395 Thread 0x0000000016489000 flushing nmethod 0x0000000009c2a850
Event: 9775.395 Thread 0x0000000016489000 flushing nmethod 0x0000000009d573d0
Event: 9775.395 Thread 0x0000000016489000 flushing nmethod 0x0000000009d77790
Event: 9775.396 Executing VM operation: ParallelGCFailedAllocation


Dynamic libraries:
0x00007ff698570000 - 0x00007ff6985a1000 	C:\Program Files\Android\Android Studio\jre\bin\java.exe
0x00007fff270c0000 - 0x00007fff272b0000 	C:\WINDOWS\SYSTEM32\ntdll.dll
0x00007fff264d0000 - 0x00007fff26582000 	C:\WINDOWS\System32\KERNEL32.DLL
0x00007fff24d30000 - 0x00007fff24fd3000 	C:\WINDOWS\System32\KERNELBASE.dll
0x00007fff25aa0000 - 0x00007fff25b43000 	C:\WINDOWS\System32\ADVAPI32.dll
0x00007fff26db0000 - 0x00007fff26e4e000 	C:\WINDOWS\System32\msvcrt.dll
0x00007fff26000000 - 0x00007fff26097000 	C:\WINDOWS\System32\sechost.dll
0x00007fff25360000 - 0x00007fff25480000 	C:\WINDOWS\System32\RPCRT4.dll
0x00007fff26270000 - 0x00007fff26404000 	C:\WINDOWS\System32\USER32.dll
0x00007fff250e0000 - 0x00007fff25101000 	C:\WINDOWS\System32\win32u.dll
0x00007fff26150000 - 0x00007fff26176000 	C:\WINDOWS\System32\GDI32.dll
0x00007fff24050000 - 0x00007fff241e4000 	C:\WINDOWS\System32\gdi32full.dll
0x00007fff244f0000 - 0x00007fff2458e000 	C:\WINDOWS\System32\msvcp_win.dll
0x00007fff24fe0000 - 0x00007fff250da000 	C:\WINDOWS\System32\ucrtbase.dll
0x00007fff0f1d0000 - 0x00007fff0f455000 	C:\WINDOWS\WinSxS\amd64_microsoft.windows.common-controls_6595b64144ccf1df_6.0.18362.720_none_e6beb5c51314836b\COMCTL32.dll
0x00007fff25cb0000 - 0x00007fff25fe6000 	C:\WINDOWS\System32\combase.dll
0x00007fff241f0000 - 0x00007fff24270000 	C:\WINDOWS\System32\bcryptPrimitives.dll
0x00007fff25bb0000 - 0x00007fff25bde000 	C:\WINDOWS\System32\IMM32.DLL
0x000000006ea00000 - 0x000000006ead2000 	C:\Program Files\Android\Android Studio\jre\jre\bin\msvcr100.dll
0x000000006ebb0000 - 0x000000006f3f6000 	C:\Program Files\Android\Android Studio\jre\jre\bin\server\jvm.dll
0x00007fff26410000 - 0x00007fff26418000 	C:\WINDOWS\System32\PSAPI.DLL
0x00007fff21d00000 - 0x00007fff21d24000 	C:\WINDOWS\SYSTEM32\WINMM.dll
0x00007fff0fa50000 - 0x00007fff0fa5a000 	C:\WINDOWS\SYSTEM32\VERSION.dll
0x00007fff064c0000 - 0x00007fff064c9000 	C:\WINDOWS\SYSTEM32\WSOCK32.dll
0x00007fff26180000 - 0x00007fff261ef000 	C:\WINDOWS\System32\WS2_32.dll
0x00007fff21cd0000 - 0x00007fff21cfd000 	C:\WINDOWS\SYSTEM32\winmmbase.dll
0x00007fff24270000 - 0x00007fff242ba000 	C:\WINDOWS\System32\cfgmgr32.dll
0x00007fff20590000 - 0x00007fff2059f000 	C:\Program Files\Android\Android Studio\jre\jre\bin\verify.dll
0x00007ffed8540000 - 0x00007ffed8569000 	C:\Program Files\Android\Android Studio\jre\jre\bin\java.dll
0x00007ffef5120000 - 0x00007ffef5136000 	C:\Program Files\Android\Android Studio\jre\jre\bin\zip.dll
0x00007fff266c0000 - 0x00007fff26da5000 	C:\WINDOWS\System32\SHELL32.dll
0x00007fff26420000 - 0x00007fff264c9000 	C:\WINDOWS\System32\shcore.dll
0x00007fff245b0000 - 0x00007fff24d30000 	C:\WINDOWS\System32\windows.storage.dll
0x00007fff23fb0000 - 0x00007fff23fd3000 	C:\WINDOWS\System32\profapi.dll
0x00007fff23fe0000 - 0x00007fff2402a000 	C:\WINDOWS\System32\powrprof.dll
0x00007fff23f80000 - 0x00007fff23f90000 	C:\WINDOWS\System32\UMPDC.dll
0x00007fff26e50000 - 0x00007fff26ea2000 	C:\WINDOWS\System32\shlwapi.dll
0x00007fff23f90000 - 0x00007fff23fa1000 	C:\WINDOWS\System32\kernel.appcore.dll
0x00007fff24590000 - 0x00007fff245a7000 	C:\WINDOWS\System32\cryptsp.dll
0x00007ffed84e0000 - 0x00007ffed84fa000 	C:\Program Files\Android\Android Studio\jre\jre\bin\net.dll
0x00007fff10eb0000 - 0x00007fff11085000 	C:\WINDOWS\SYSTEM32\urlmon.dll
0x00007fff111d0000 - 0x00007fff11476000 	C:\WINDOWS\SYSTEM32\iertutil.dll
0x00007fff239c0000 - 0x00007fff239cc000 	C:\WINDOWS\SYSTEM32\CRYPTBASE.DLL
0x00007fff237f0000 - 0x00007fff23857000 	C:\WINDOWS\system32\mswsock.dll
0x00007ffed7aa0000 - 0x00007ffed7ab3000 	C:\Program Files\Android\Android Studio\jre\jre\bin\nio.dll
0x00007ffefc3c0000 - 0x00007ffefc3e6000 	C:\Users\jkallen\.gradle\native\30\windows-amd64\native-platform.dll
0x00007fff0dc80000 - 0x00007fff0dc8d000 	C:\Program Files\Android\Android Studio\jre\jre\bin\management.dll
0x00007fff23360000 - 0x00007fff23393000 	C:\WINDOWS\system32\rsaenh.dll
0x00007fff244c0000 - 0x00007fff244e6000 	C:\WINDOWS\System32\bcrypt.dll
0x00007fff23ea0000 - 0x00007fff23ec5000 	C:\WINDOWS\SYSTEM32\USERENV.dll
0x00007fff23500000 - 0x00007fff2353a000 	C:\WINDOWS\SYSTEM32\IPHLPAPI.DLL
0x00007fff25350000 - 0x00007fff25358000 	C:\WINDOWS\System32\NSI.dll
0x00007fff18e60000 - 0x00007fff18e76000 	C:\WINDOWS\SYSTEM32\dhcpcsvc6.DLL
0x00007fff19010000 - 0x00007fff1902c000 	C:\WINDOWS\SYSTEM32\dhcpcsvc.DLL
0x00007fff23590000 - 0x00007fff2365a000 	C:\WINDOWS\SYSTEM32\DNSAPI.dll
0x00007ffefc3a0000 - 0x00007ffefc3be000 	C:\Windows\Temp\native-platform1288414210329903649dir\native-platform.dll
0x00007fff22f00000 - 0x00007fff22f31000 	C:\WINDOWS\SYSTEM32\ntmarta.dll
0x00007ffed79b0000 - 0x00007ffed79d4000 	C:\Program Files\Android\Android Studio\jre\jre\bin\sunec.dll
0x00007fff105d0000 - 0x00007fff105da000 	C:\Windows\System32\rasadhlp.dll
0x00007fff1cff0000 - 0x00007fff1d067000 	C:\WINDOWS\System32\fwpuclnt.dll
0x00007ffefc150000 - 0x00007ffefc15b000 	C:\Program Files\Android\Android Studio\jre\jre\bin\sunmscapi.dll
0x00007fff24370000 - 0x00007fff244b9000 	C:\WINDOWS\System32\CRYPT32.dll
0x00007fff24030000 - 0x00007fff24042000 	C:\WINDOWS\System32\MSASN1.dll
0x00007fff21ab0000 - 0x00007fff21b3f000 	C:\WINDOWS\system32\apphelp.dll
0x00007fff21ee0000 - 0x00007fff220d4000 	C:\WINDOWS\SYSTEM32\dbghelp.dll

VM Arguments:
jvm_args: -Xmx1536m -Dfile.encoding=windows-1252 -Duser.country=US -Duser.language=en -Duser.variant 
java_command: org.gradle.launcher.daemon.bootstrap.GradleDaemon 5.6.4
java_class_path (initial): C:\Users\jkallen\.gradle\wrapper\dists\gradle-5.6.4-all\ankdp27end7byghfw1q2sw75f\gradle-5.6.4\lib\gradle-launcher-5.6.4.jar
Launcher Type: SUN_STANDARD

Environment Variables:
JAVA_HOME=C:\Program Files\Java\jdk-10.0.2
PATH=C:\Program Files\Microsoft MPI\Bin\;C:\WINDOWS\system32;C:\WINDOWS;C:\WINDOWS\System32\Wbem;C:\WINDOWS\System32\WindowsPowerShell\v1.0\;C:\WINDOWS\System32\OpenSSH\;C:\Program Files (x86)\Microsoft SQL Server\Client SDK\ODBC\130\Tools\Binn\;C:\Program Files (x86)\Microsoft SQL Server\140\Tools\Binn\;C:\Program Files (x86)\Microsoft SQL Server\140\DTS\Binn\;C:\Program Files (x86)\Microsoft SQL Server\140\Tools\Binn\ManagementStudio\;C:\Program Files\dotnet\;C:\Program Files\Microsoft SQL Server\140\Tools\Binn\;C:\Program Files\Microsoft SQL Server\140\DTS\Binn\;C:\Program Files\Microsoft SQL Server\Client SDK\ODBC\130\Tools\Binn\;C:\Program Files\Git\cmd;C:\Program Files\Microsoft SQL Server\130\Tools\Binn\;C:\Users\jkallen\AppData\Local\Microsoft\WindowsApps;C:\Program Files\Java\jdk-10.0.2\bin;C:\Users\jkallen\AppData\Local\GitHubDesktop\bin;C:\Users\jkallen\AppData\Local\Microsoft\WindowsApps;C:\Users\jkallen\flutter\bin;
USERNAME=jkallen
OS=Windows_NT
PROCESSOR_IDENTIFIER=Intel64 Family 6 Model 142 Stepping 9, GenuineIntel



---------------  S Y S T E M  ---------------

OS: Windows 10.0 , 64 bit Build 18362 (10.0.18362.329)

CPU:total 4 (initial active 4) (2 cores per cpu, 2 threads per core) family 6 model 142 stepping 9, cmov, cx8, fxsr, mmx, sse, sse2, sse3, ssse3, sse4.1, sse4.2, popcnt, avx, avx2, aes, clmul, erms, rtm, 3dnowpref, lzcnt, ht, tsc, tscinvbit, bmi1, bmi2, adx

Memory: 4k page, physical 16700700k(6614896k free), swap 19191068k(6415700k free)

vm_info: OpenJDK 64-Bit Server VM (25.212-b04) for windows-amd64 JRE (1.8.0_212-release-1586-b04), built by "builder" with MS VC++ 10.0 (VS2010)

time: Sat Apr 04 21:26:22 2020
timezone: Eastern Daylight Time
elapsed time: 9775 seconds (0d 2h 42m 55s)

